<?xml version="1.0" encoding="UTF-8"?>
<coverage generated="1780820624565" clover="3.2.0">
  <project timestamp="1780820624565" name="All files">
    <metrics statements="247" coveredstatements="186" conditionals="159" coveredconditionals="109" methods="35" coveredmethods="29" elements="441" coveredelements="324" complexity="0" loc="247" ncloc="247" packages="1" files="5" classes="5"/>
    <file name="config.js" path="C:\Users\mingyan2233\Documents\ai-interpret\server\config.js">
      <metrics statements="13" coveredstatements="11" conditionals="26" coveredconditionals="25" methods="2" coveredmethods="2"/>
      <line num="11" count="30" type="stmt"/>
      <line num="12" count="30" type="stmt"/>
      <line num="14" count="30" type="cond" truecount="1" falsecount="1"/>
      <line num="15" count="0" type="stmt"/>
      <line num="16" count="0" type="stmt"/>
      <line num="19" count="30" type="stmt"/>
      <line num="51" count="30" type="stmt"/>
      <line num="52" count="43" type="cond" truecount="2" falsecount="0"/>
      <line num="56" count="30" type="stmt"/>
      <line num="57" count="21" type="cond" truecount="2" falsecount="0"/>
      <line num="58" count="20" type="cond" truecount="2" falsecount="0"/>
      <line num="59" count="1" type="stmt"/>
      <line num="62" count="30" type="stmt"/>
    </file>
    <file name="mock.js" path="C:\Users\mingyan2233\Documents\ai-interpret\server\mock.js">
      <metrics statements="35" coveredstatements="35" conditionals="20" coveredconditionals="20" methods="8" coveredmethods="8"/>
      <line num="9" count="4" type="stmt"/>
      <line num="60" count="4" type="stmt"/>
      <line num="61" count="4" type="stmt"/>
      <line num="71" count="14" type="cond" truecount="2" falsecount="0"/>
      <line num="72" count="1" type="stmt"/>
      <line num="80" count="13" type="stmt"/>
      <line num="82" count="13" type="stmt"/>
      <line num="83" count="13" type="stmt"/>
      <line num="84" count="13" type="stmt"/>
      <line num="85" count="13" type="stmt"/>
      <line num="87" count="13" type="cond" truecount="2" falsecount="0"/>
      <line num="88" count="3" type="stmt"/>
      <line num="89" count="3" type="stmt"/>
      <line num="92" count="13" type="stmt"/>
      <line num="93" count="13" type="cond" truecount="2" falsecount="0"/>
      <line num="95" count="13" type="stmt"/>
      <line num="106" count="5" type="stmt"/>
      <line num="107" count="5" type="stmt"/>
      <line num="109" count="5" type="stmt"/>
      <line num="132" count="6" type="stmt"/>
      <line num="134" count="6" type="cond" truecount="2" falsecount="0"/>
      <line num="137" count="6" type="stmt"/>
      <line num="139" count="6" type="cond" truecount="2" falsecount="0"/>
      <line num="140" count="4" type="stmt"/>
      <line num="141" count="55" type="cond" truecount="2" falsecount="0"/>
      <line num="142" count="4" type="cond" truecount="2" falsecount="0"/>
      <line num="146" count="6" type="stmt"/>
      <line num="147" count="6" type="stmt"/>
      <line num="148" count="2" type="cond" truecount="4" falsecount="0"/>
      <line num="150" count="1" type="stmt"/>
      <line num="161" count="6" type="stmt"/>
      <line num="169" count="6" type="stmt"/>
      <line num="178" count="1" type="stmt"/>
      <line num="179" count="1" type="stmt"/>
      <line num="183" count="1" type="stmt"/>
    </file>
    <file name="stt.js" path="C:\Users\mingyan2233\Documents\ai-interpret\server\stt.js">
      <metrics statements="35" coveredstatements="29" conditionals="21" coveredconditionals="13" methods="4" coveredmethods="4"/>
      <line num="10" count="5" type="stmt"/>
      <line num="11" count="5" type="stmt"/>
      <line num="12" count="5" type="stmt"/>
      <line num="13" count="5" type="stmt"/>
      <line num="17" count="5" type="stmt"/>
      <line num="18" count="5" type="stmt"/>
      <line num="20" count="5" type="cond" truecount="2" falsecount="0"/>
      <line num="21" count="1" type="cond" truecount="1" falsecount="1"/>
      <line num="22" count="0" type="stmt"/>
      <line num="24" count="1" type="stmt"/>
      <line num="28" count="1" type="stmt"/>
      <line num="29" count="1" type="stmt"/>
      <line num="30" count="1" type="stmt"/>
      <line num="44" count="5" type="cond" truecount="2" falsecount="0"/>
      <line num="45" count="4" type="stmt"/>
      <line num="47" count="1" type="stmt"/>
      <line num="55" count="4" type="cond" truecount="4" falsecount="0"/>
      <line num="56" count="2" type="stmt"/>
      <line num="59" count="2" type="stmt"/>
      <line num="60" count="2" type="cond" truecount="1" falsecount="1"/>
      <line num="61" count="0" type="stmt"/>
      <line num="64" count="2" type="stmt"/>
      <line num="75" count="1" type="stmt"/>
      <line num="76" count="1" type="stmt"/>
      <line num="77" count="1" type="stmt"/>
      <line num="78" count="1" type="stmt"/>
      <line num="80" count="1" type="stmt"/>
      <line num="82" count="1" type="stmt"/>
      <line num="90" count="1" type="stmt"/>
      <line num="92" count="1" type="stmt"/>
      <line num="98" count="0" type="stmt"/>
      <line num="99" count="0" type="cond" truecount="0" falsecount="2"/>
      <line num="100" count="0" type="cond" truecount="0" falsecount="2"/>
      <line num="101" count="0" type="stmt"/>
      <line num="106" count="5" type="stmt"/>
    </file>
    <file name="translator.js" path="C:\Users\mingyan2233\Documents\ai-interpret\server\translator.js">
      <metrics statements="71" coveredstatements="63" conditionals="43" coveredconditionals="30" methods="10" coveredmethods="10"/>
      <line num="7" count="1" type="stmt"/>
      <line num="8" count="1" type="stmt"/>
      <line num="12" count="18" type="cond" truecount="1" falsecount="1"/>
      <line num="13" count="0" type="stmt"/>
      <line num="14" count="0" type="stmt"/>
      <line num="17" count="18" type="stmt"/>
      <line num="22" count="18" type="stmt"/>
      <line num="23" count="18" type="stmt"/>
      <line num="24" count="18" type="stmt"/>
      <line num="25" count="18" type="stmt"/>
      <line num="27" count="18" type="stmt"/>
      <line num="28" count="18" type="stmt"/>
      <line num="29" count="18" type="stmt"/>
      <line num="31" count="18" type="stmt"/>
      <line num="32" count="18" type="cond" truecount="1" falsecount="3"/>
      <line num="33" count="18" type="stmt"/>
      <line num="37" count="7" type="stmt"/>
      <line num="42" count="7" type="cond" truecount="1" falsecount="1"/>
      <line num="43" count="7" type="cond" truecount="1" falsecount="1"/>
      <line num="45" count="7" type="stmt"/>
      <line num="70" count="9" type="cond" truecount="4" falsecount="0"/>
      <line num="71" count="2" type="stmt"/>
      <line num="74" count="7" type="cond" truecount="2" falsecount="0"/>
      <line num="75" count="7" type="cond" truecount="2" falsecount="0"/>
      <line num="77" count="7" type="stmt"/>
      <line num="78" count="7" type="stmt"/>
      <line num="80" count="7" type="stmt"/>
      <line num="84" count="7" type="stmt"/>
      <line num="85" count="7" type="stmt"/>
      <line num="86" count="4" type="stmt"/>
      <line num="87" count="4" type="stmt"/>
      <line num="90" count="7" type="stmt"/>
      <line num="92" count="7" type="stmt"/>
      <line num="99" count="7" type="cond" truecount="1" falsecount="1"/>
      <line num="101" count="7" type="stmt"/>
      <line num="108" count="7" type="stmt"/>
      <line num="110" count="7" type="stmt"/>
      <line num="117" count="0" type="stmt"/>
      <line num="118" count="0" type="cond" truecount="0" falsecount="2"/>
      <line num="119" count="0" type="stmt"/>
      <line num="132" count="12" type="stmt"/>
      <line num="133" count="12" type="stmt"/>
      <line num="134" count="10" type="stmt"/>
      <line num="137" count="12" type="stmt"/>
      <line num="138" count="10" type="stmt"/>
      <line num="139" count="10" type="stmt"/>
      <line num="142" count="10" type="stmt"/>
      <line num="143" count="10" type="cond" truecount="4" falsecount="0"/>
      <line num="144" count="5" type="stmt"/>
      <line num="152" count="5" type="stmt"/>
      <line num="156" count="5" type="cond" truecount="2" falsecount="2"/>
      <line num="157" count="0" type="stmt"/>
      <line num="165" count="0" type="stmt"/>
      <line num="169" count="5" type="cond" truecount="2" falsecount="2"/>
      <line num="170" count="0" type="stmt"/>
      <line num="181" count="12" type="stmt"/>
      <line num="185" count="18" type="cond" truecount="2" falsecount="0"/>
      <line num="186" count="16" type="cond" truecount="4" falsecount="0"/>
      <line num="188" count="398" type="stmt"/>
      <line num="189" count="387" type="stmt"/>
      <line num="191" count="14" type="stmt"/>
      <line num="192" count="384" type="stmt"/>
      <line num="193" count="14912" type="stmt"/>
      <line num="201" count="14" type="stmt"/>
      <line num="202" count="14" type="stmt"/>
      <line num="210" count="1" type="stmt"/>
      <line num="217" count="1" type="stmt"/>
      <line num="221" count="1" type="stmt"/>
      <line num="222" count="1" type="stmt"/>
      <line num="223" count="1" type="stmt"/>
      <line num="227" count="1" type="stmt"/>
    </file>
    <file name="websocket.js" path="C:\Users\mingyan2233\Documents\ai-interpret\server\websocket.js">
      <metrics statements="93" coveredstatements="48" conditionals="49" coveredconditionals="21" methods="11" coveredmethods="5"/>
      <line num="5" count="14" type="stmt"/>
      <line num="6" count="14" type="stmt"/>
      <line num="10" count="14" type="stmt"/>
      <line num="11" count="14" type="stmt"/>
      <line num="13" count="14" type="stmt"/>
      <line num="14" count="14" type="stmt"/>
      <line num="16" count="14" type="stmt"/>
      <line num="17" count="14" type="stmt"/>
      <line num="18" count="14" type="stmt"/>
      <line num="22" count="14" type="stmt"/>
      <line num="23" count="0" type="stmt"/>
      <line num="24" count="0" type="stmt"/>
      <line num="26" count="0" type="stmt"/>
      <line num="37" count="0" type="stmt"/>
      <line num="39" count="0" type="stmt"/>
      <line num="40" count="0" type="stmt"/>
      <line num="41" count="0" type="stmt"/>
      <line num="43" count="0" type="stmt"/>
      <line num="44" count="0" type="stmt"/>
      <line num="48" count="0" type="stmt"/>
      <line num="49" count="0" type="stmt"/>
      <line num="50" count="0" type="stmt"/>
      <line num="53" count="0" type="stmt"/>
      <line num="54" count="0" type="stmt"/>
      <line num="55" count="0" type="stmt"/>
      <line num="58" count="0" type="stmt"/>
      <line num="69" count="11" type="stmt"/>
      <line num="70" count="11" type="stmt"/>
      <line num="72" count="1" type="cond" truecount="1" falsecount="1"/>
      <line num="73" count="0" type="stmt"/>
      <line num="75" count="1" type="stmt"/>
      <line num="78" count="10" type="cond" truecount="4" falsecount="1"/>
      <line num="80" count="3" type="stmt"/>
      <line num="81" count="3" type="stmt"/>
      <line num="84" count="0" type="cond" truecount="0" falsecount="2"/>
      <line num="85" count="0" type="stmt"/>
      <line num="86" count="0" type="stmt"/>
      <line num="88" count="0" type="stmt"/>
      <line num="92" count="3" type="stmt"/>
      <line num="93" count="3" type="cond" truecount="2" falsecount="0"/>
      <line num="94" count="2" type="stmt"/>
      <line num="96" count="3" type="cond" truecount="2" falsecount="0"/>
      <line num="97" count="2" type="stmt"/>
      <line num="99" count="3" type="stmt"/>
      <line num="106" count="3" type="stmt"/>
      <line num="107" count="3" type="stmt"/>
      <line num="110" count="2" type="stmt"/>
      <line num="111" count="2" type="stmt"/>
      <line num="112" count="2" type="stmt"/>
      <line num="113" count="2" type="stmt"/>
      <line num="114" count="2" type="stmt"/>
      <line num="117" count="1" type="stmt"/>
      <line num="118" count="1" type="stmt"/>
      <line num="123" count="3" type="cond" truecount="1" falsecount="1"/>
      <line num="124" count="3" type="cond" truecount="2" falsecount="0"/>
      <line num="126" count="2" type="cond" truecount="2" falsecount="0"/>
      <line num="127" count="1" type="stmt"/>
      <line num="129" count="1" type="stmt"/>
      <line num="131" count="1" type="stmt"/>
      <line num="137" count="1" type="stmt"/>
      <line num="138" count="1" type="cond" truecount="1" falsecount="1"/>
      <line num="140" count="1" type="stmt"/>
      <line num="144" count="1" type="cond" truecount="1" falsecount="1"/>
      <line num="145" count="1" type="stmt"/>
      <line num="147" count="1" type="stmt"/>
      <line num="157" count="1" type="cond" truecount="2" falsecount="2"/>
      <line num="158" count="0" type="stmt"/>
      <line num="159" count="0" type="stmt"/>
      <line num="160" count="0" type="stmt"/>
      <line num="177" count="0" type="stmt"/>
      <line num="178" count="0" type="cond" truecount="0" falsecount="4"/>
      <line num="179" count="0" type="cond" truecount="0" falsecount="2"/>
      <line num="180" count="0" type="stmt"/>
      <line num="186" count="0" type="cond" truecount="0" falsecount="2"/>
      <line num="187" count="0" type="stmt"/>
      <line num="188" count="0" type="stmt"/>
      <line num="189" count="0" type="stmt"/>
      <line num="190" count="0" type="stmt"/>
      <line num="192" count="0" type="stmt"/>
      <line num="193" count="0" type="stmt"/>
      <line num="194" count="0" type="cond" truecount="0" falsecount="2"/>
      <line num="195" count="0" type="stmt"/>
      <line num="196" count="0" type="stmt"/>
      <line num="197" count="0" type="cond" truecount="0" falsecount="2"/>
      <line num="198" count="0" type="cond" truecount="0" falsecount="2"/>
      <line num="199" count="0" type="cond" truecount="0" falsecount="4"/>
      <line num="200" count="0" type="stmt"/>
      <line num="201" count="0" type="stmt"/>
      <line num="207" count="0" type="stmt"/>
      <line num="209" count="0" type="stmt"/>
      <line num="214" count="10" type="cond" truecount="2" falsecount="0"/>
      <line num="215" count="9" type="stmt"/>
      <line num="220" count="14" type="stmt"/>
    </file>
  </project>
</coverage>
