{"C:\\Users\\mingyan2233\\Documents\\ai-interpret\\server\\config.js": {"path":"C:\\Users\\mingyan2233\\Documents\\ai-interpret\\server\\config.js","statementMap":{"0":{"start":{"line":11,"column":13},"end":{"line":11,"column":28}},"1":{"start":{"line":12,"column":15},"end":{"line":12,"column":85}},"2":{"start":{"line":14,"column":0},"end":{"line":17,"column":1}},"3":{"start":{"line":15,"column":2},"end":{"line":15,"column":43}},"4":{"start":{"line":16,"column":2},"end":{"line":16,"column":59}},"5":{"start":{"line":19,"column":15},"end":{"line":48,"column":1}},"6":{"start":{"line":51,"column":0},"end":{"line":53,"column":2}},"7":{"start":{"line":52,"column":2},"end":{"line":52,"column":79}},"8":{"start":{"line":56,"column":0},"end":{"line":60,"column":2}},"9":{"start":{"line":57,"column":2},"end":{"line":57,"column":41}},"10":{"start":{"line":57,"column":27},"end":{"line":57,"column":41}},"11":{"start":{"line":58,"column":2},"end":{"line":58,"column":65}},"12":{"start":{"line":58,"column":47},"end":{"line":58,"column":65}},"13":{"start":{"line":59,"column":2},"end":{"line":59,"column":18}},"14":{"start":{"line":62,"column":0},"end":{"line":62,"column":24}}},"fnMap":{"0":{"name":"(anonymous_0)","decl":{"start":{"line":51,"column":19},"end":{"line":51,"column":20}},"loc":{"start":{"line":51,"column":31},"end":{"line":53,"column":1}},"line":51},"1":{"name":"(anonymous_1)","decl":{"start":{"line":56,"column":17},"end":{"line":56,"column":18}},"loc":{"start":{"line":56,"column":29},"end":{"line":60,"column":1}},"line":56}},"branchMap":{"0":{"loc":{"start":{"line":14,"column":0},"end":{"line":17,"column":1}},"type":"if","locations":[{"start":{"line":14,"column":0},"end":{"line":17,"column":1}},{"start":{},"end":{}}],"line":14},"1":{"loc":{"start":{"line":22,"column":12},"end":{"line":22,"column":44}},"type":"binary-expr","locations":[{"start":{"line":22,"column":12},"end":{"line":22,"column":38}},{"start":{"line":22,"column":42},"end":{"line":22,"column":44}}],"line":22},"2":{"loc":{"start":{"line":23,"column":13},"end":{"line":23,"column":71}},"type":"binary-expr","locations":[{"start":{"line":23,"column":13},"end":{"line":23,"column":40}},{"start":{"line":23,"column":44},"end":{"line":23,"column":71}}],"line":23},"3":{"loc":{"start":{"line":27,"column":14},"end":{"line":27,"column":49}},"type":"binary-expr","locations":[{"start":{"line":27,"column":14},"end":{"line":27,"column":36}},{"start":{"line":27,"column":40},"end":{"line":27,"column":49}}],"line":27},"4":{"loc":{"start":{"line":31,"column":11},"end":{"line":31,"column":47}},"type":"binary-expr","locations":[{"start":{"line":31,"column":11},"end":{"line":31,"column":32}},{"start":{"line":31,"column":36},"end":{"line":31,"column":47}}],"line":31},"5":{"loc":{"start":{"line":32,"column":14},"end":{"line":32,"column":45}},"type":"binary-expr","locations":[{"start":{"line":32,"column":14},"end":{"line":32,"column":37}},{"start":{"line":32,"column":41},"end":{"line":32,"column":45}}],"line":32},"6":{"loc":{"start":{"line":38,"column":11},"end":{"line":38,"column":59}},"type":"binary-expr","locations":[{"start":{"line":38,"column":11},"end":{"line":38,"column":40}},{"start":{"line":38,"column":44},"end":{"line":38,"column":59}}],"line":38},"7":{"loc":{"start":{"line":39,"column":16},"end":{"line":39,"column":47}},"type":"binary-expr","locations":[{"start":{"line":39,"column":16},"end":{"line":39,"column":39}},{"start":{"line":39,"column":43},"end":{"line":39,"column":47}}],"line":39},"8":{"loc":{"start":{"line":40,"column":16},"end":{"line":40,"column":47}},"type":"binary-expr","locations":[{"start":{"line":40,"column":16},"end":{"line":40,"column":39}},{"start":{"line":40,"column":43},"end":{"line":40,"column":47}}],"line":40},"9":{"loc":{"start":{"line":46,"column":10},"end":{"line":46,"column":48}},"type":"binary-expr","locations":[{"start":{"line":46,"column":10},"end":{"line":46,"column":40}},{"start":{"line":46,"column":44},"end":{"line":46,"column":48}}],"line":46},"10":{"loc":{"start":{"line":52,"column":11},"end":{"line":52,"column":77}},"type":"binary-expr","locations":[{"start":{"line":52,"column":11},"end":{"line":52,"column":29}},{"start":{"line":52,"column":33},"end":{"line":52,"column":77}}],"line":52},"11":{"loc":{"start":{"line":57,"column":2},"end":{"line":57,"column":41}},"type":"if","locations":[{"start":{"line":57,"column":2},"end":{"line":57,"column":41}},{"start":{},"end":{}}],"line":57},"12":{"loc":{"start":{"line":58,"column":2},"end":{"line":58,"column":65}},"type":"if","locations":[{"start":{"line":58,"column":2},"end":{"line":58,"column":65}},{"start":{},"end":{}}],"line":58}},"s":{"0":30,"1":30,"2":30,"3":0,"4":0,"5":30,"6":30,"7":43,"8":30,"9":21,"10":1,"11":20,"12":19,"13":1,"14":30},"f":{"0":43,"1":21},"b":{"0":[0,30],"1":[30,5],"2":[30,7],"3":[30,9],"4":[30,30],"5":[30,9],"6":[30,9],"7":[30,9],"8":[30,9],"9":[30,8],"10":[43,41],"11":[1,20],"12":[19,1]},"_coverageSchema":"1a1c01bbd47fc00a2c39e90264f33305004495a9","hash":"aa482a93e953f13c537e9fb14ac6aff7885a573c"}
,"C:\\Users\\mingyan2233\\Documents\\ai-interpret\\server\\mock.js": {"path":"C:\\Users\\mingyan2233\\Documents\\ai-interpret\\server\\mock.js","statementMap":{"0":{"start":{"line":9,"column":4},"end":{"line":58,"column":6}},"1":{"start":{"line":60,"column":4},"end":{"line":60,"column":27}},"2":{"start":{"line":61,"column":4},"end":{"line":61,"column":29}},"3":{"start":{"line":71,"column":4},"end":{"line":77,"column":5}},"4":{"start":{"line":72,"column":6},"end":{"line":76,"column":8}},"5":{"start":{"line":80,"column":4},"end":{"line":80,"column":71}},"6":{"start":{"line":80,"column":29},"end":{"line":80,"column":69}},"7":{"start":{"line":82,"column":21},"end":{"line":82,"column":55}},"8":{"start":{"line":83,"column":24},"end":{"line":83,"column":44}},"9":{"start":{"line":84,"column":17},"end":{"line":84,"column":50}},"10":{"start":{"line":85,"column":4},"end":{"line":85,"column":27}},"11":{"start":{"line":87,"column":4},"end":{"line":90,"column":5}},"12":{"start":{"line":88,"column":6},"end":{"line":88,"column":31}},"13":{"start":{"line":89,"column":6},"end":{"line":89,"column":76}},"14":{"start":{"line":92,"column":25},"end":{"line":92,"column":49}},"15":{"start":{"line":93,"column":4},"end":{"line":93,"column":65}},"16":{"start":{"line":95,"column":4},"end":{"line":100,"column":6}},"17":{"start":{"line":106,"column":4},"end":{"line":106,"column":22}},"18":{"start":{"line":107,"column":4},"end":{"line":107,"column":30}},"19":{"start":{"line":109,"column":4},"end":{"line":128,"column":6}},"20":{"start":{"line":132,"column":4},"end":{"line":132,"column":71}},"21":{"start":{"line":132,"column":29},"end":{"line":132,"column":69}},"22":{"start":{"line":134,"column":22},"end":{"line":134,"column":63}},"23":{"start":{"line":137,"column":25},"end":{"line":137,"column":50}},"24":{"start":{"line":139,"column":4},"end":{"line":143,"column":5}},"25":{"start":{"line":140,"column":19},"end":{"line":140,"column":51}},"26":{"start":{"line":141,"column":22},"end":{"line":141,"column":76}},"27":{"start":{"line":141,"column":39},"end":{"line":141,"column":75}},"28":{"start":{"line":142,"column":6},"end":{"line":142,"column":81}},"29":{"start":{"line":146,"column":24},"end":{"line":146,"column":26}},"30":{"start":{"line":147,"column":4},"end":{"line":159,"column":5}},"31":{"start":{"line":148,"column":6},"end":{"line":158,"column":7}},"32":{"start":{"line":150,"column":8},"end":{"line":157,"column":11}},"33":{"start":{"line":161,"column":4},"end":{"line":167,"column":7}},"34":{"start":{"line":169,"column":4},"end":{"line":174,"column":6}},"35":{"start":{"line":178,"column":4},"end":{"line":178,"column":22}},"36":{"start":{"line":179,"column":4},"end":{"line":179,"column":30}},"37":{"start":{"line":183,"column":0},"end":{"line":183,"column":45}}},"fnMap":{"0":{"name":"(anonymous_0)","decl":{"start":{"line":7,"column":2},"end":{"line":7,"column":3}},"loc":{"start":{"line":7,"column":16},"end":{"line":62,"column":3}},"line":7},"1":{"name":"(anonymous_1)","decl":{"start":{"line":69,"column":2},"end":{"line":69,"column":3}},"loc":{"start":{"line":69,"column":43},"end":{"line":101,"column":3}},"line":69},"2":{"name":"(anonymous_2)","decl":{"start":{"line":80,"column":22},"end":{"line":80,"column":23}},"loc":{"start":{"line":80,"column":29},"end":{"line":80,"column":69}},"line":80},"3":{"name":"(anonymous_3)","decl":{"start":{"line":105,"column":2},"end":{"line":105,"column":3}},"loc":{"start":{"line":105,"column":16},"end":{"line":129,"column":3}},"line":105},"4":{"name":"(anonymous_4)","decl":{"start":{"line":131,"column":2},"end":{"line":131,"column":3}},"loc":{"start":{"line":131,"column":35},"end":{"line":175,"column":3}},"line":131},"5":{"name":"(anonymous_5)","decl":{"start":{"line":132,"column":22},"end":{"line":132,"column":23}},"loc":{"start":{"line":132,"column":29},"end":{"line":132,"column":69}},"line":132},"6":{"name":"(anonymous_6)","decl":{"start":{"line":141,"column":32},"end":{"line":141,"column":33}},"loc":{"start":{"line":141,"column":39},"end":{"line":141,"column":75}},"line":141},"7":{"name":"(anonymous_7)","decl":{"start":{"line":177,"column":2},"end":{"line":177,"column":3}},"loc":{"start":{"line":177,"column":10},"end":{"line":180,"column":3}},"line":177}},"branchMap":{"0":{"loc":{"start":{"line":69,"column":26},"end":{"line":69,"column":41}},"type":"default-arg","locations":[{"start":{"line":69,"column":35},"end":{"line":69,"column":41}}],"line":69},"1":{"loc":{"start":{"line":71,"column":4},"end":{"line":77,"column":5}},"type":"if","locations":[{"start":{"line":71,"column":4},"end":{"line":77,"column":5}},{"start":{},"end":{}}],"line":71},"2":{"loc":{"start":{"line":87,"column":4},"end":{"line":90,"column":5}},"type":"if","locations":[{"start":{"line":87,"column":4},"end":{"line":90,"column":5}},{"start":{},"end":{}}],"line":87},"3":{"loc":{"start":{"line":93,"column":34},"end":{"line":93,"column":61}},"type":"cond-expr","locations":[{"start":{"line":93,"column":49},"end":{"line":93,"column":56}},{"start":{"line":93,"column":59},"end":{"line":93,"column":61}}],"line":93},"4":{"loc":{"start":{"line":131,"column":24},"end":{"line":131,"column":33}},"type":"default-arg","locations":[{"start":{"line":131,"column":31},"end":{"line":131,"column":33}}],"line":131},"5":{"loc":{"start":{"line":134,"column":22},"end":{"line":134,"column":63}},"type":"binary-expr","locations":[{"start":{"line":134,"column":22},"end":{"line":134,"column":36}},{"start":{"line":134,"column":40},"end":{"line":134,"column":63}}],"line":134},"6":{"loc":{"start":{"line":139,"column":4},"end":{"line":143,"column":5}},"type":"if","locations":[{"start":{"line":139,"column":4},"end":{"line":143,"column":5}},{"start":{},"end":{}}],"line":139},"7":{"loc":{"start":{"line":141,"column":39},"end":{"line":141,"column":75}},"type":"binary-expr","locations":[{"start":{"line":141,"column":39},"end":{"line":141,"column":55}},{"start":{"line":141,"column":59},"end":{"line":141,"column":75}}],"line":141},"8":{"loc":{"start":{"line":142,"column":23},"end":{"line":142,"column":80}},"type":"cond-expr","locations":[{"start":{"line":142,"column":33},"end":{"line":142,"column":61}},{"start":{"line":142,"column":64},"end":{"line":142,"column":80}}],"line":142},"9":{"loc":{"start":{"line":148,"column":6},"end":{"line":158,"column":7}},"type":"if","locations":[{"start":{"line":148,"column":6},"end":{"line":158,"column":7}},{"start":{},"end":{}}],"line":148},"10":{"loc":{"start":{"line":148,"column":10},"end":{"line":149,"column":83}},"type":"binary-expr","locations":[{"start":{"line":148,"column":10},"end":{"line":148,"column":48}},{"start":{"line":149,"column":10},"end":{"line":149,"column":83}}],"line":148}},"s":{"0":4,"1":4,"2":4,"3":14,"4":1,"5":13,"6":13,"7":13,"8":13,"9":13,"10":13,"11":13,"12":3,"13":3,"14":13,"15":13,"16":13,"17":5,"18":5,"19":5,"20":6,"21":6,"22":6,"23":6,"24":6,"25":4,"26":4,"27":55,"28":4,"29":6,"30":6,"31":2,"32":1,"33":6,"34":6,"35":1,"36":1,"37":1},"f":{"0":4,"1":14,"2":13,"3":5,"4":6,"5":6,"6":55,"7":1},"b":{"0":[1],"1":[1,13],"2":[3,10],"3":[4,9],"4":[6],"5":[6,6],"6":[4,2],"7":[55,55],"8":[1,3],"9":[1,1],"10":[2,1]},"_coverageSchema":"1a1c01bbd47fc00a2c39e90264f33305004495a9","hash":"028ccd964e7f8f6ba482720aad49ca6825ec5d4c"}
,"C:\\Users\\mingyan2233\\Documents\\ai-interpret\\server\\stt.js": {"path":"C:\\Users\\mingyan2233\\Documents\\ai-interpret\\server\\stt.js","statementMap":{"0":{"start":{"line":10,"column":15},"end":{"line":10,"column":32}},"1":{"start":{"line":11,"column":15},"end":{"line":11,"column":34}},"2":{"start":{"line":12,"column":11},"end":{"line":12,"column":24}},"3":{"start":{"line":13,"column":13},"end":{"line":13,"column":28}},"4":{"start":{"line":17,"column":4},"end":{"line":17,"column":35}},"5":{"start":{"line":18,"column":4},"end":{"line":18,"column":46}},"6":{"start":{"line":20,"column":4},"end":{"line":31,"column":5}},"7":{"start":{"line":21,"column":6},"end":{"line":23,"column":7}},"8":{"start":{"line":22,"column":8},"end":{"line":22,"column":60}},"9":{"start":{"line":24,"column":6},"end":{"line":27,"column":9}},"10":{"start":{"line":28,"column":6},"end":{"line":28,"column":36}},"11":{"start":{"line":29,"column":6},"end":{"line":29,"column":42}},"12":{"start":{"line":30,"column":6},"end":{"line":30,"column":67}},"13":{"start":{"line":44,"column":4},"end":{"line":46,"column":5}},"14":{"start":{"line":45,"column":6},"end":{"line":45,"column":44}},"15":{"start":{"line":47,"column":4},"end":{"line":47,"column":50}},"16":{"start":{"line":55,"column":4},"end":{"line":57,"column":5}},"17":{"start":{"line":56,"column":6},"end":{"line":56,"column":53}},"18":{"start":{"line":59,"column":20},"end":{"line":59,"column":31}},"19":{"start":{"line":60,"column":4},"end":{"line":62,"column":5}},"20":{"start":{"line":61,"column":6},"end":{"line":61,"column":53}},"21":{"start":{"line":64,"column":4},"end":{"line":68,"column":6}},"22":{"start":{"line":75,"column":4},"end":{"line":102,"column":5}},"23":{"start":{"line":76,"column":24},"end":{"line":76,"column":34}},"24":{"start":{"line":77,"column":23},"end":{"line":77,"column":53}},"25":{"start":{"line":78,"column":23},"end":{"line":78,"column":56}},"26":{"start":{"line":80,"column":6},"end":{"line":80,"column":46}},"27":{"start":{"line":82,"column":28},"end":{"line":88,"column":8}},"28":{"start":{"line":90,"column":6},"end":{"line":90,"column":30}},"29":{"start":{"line":92,"column":6},"end":{"line":96,"column":8}},"30":{"start":{"line":98,"column":6},"end":{"line":98,"column":58}},"31":{"start":{"line":99,"column":6},"end":{"line":99,"column":66}},"32":{"start":{"line":99,"column":32},"end":{"line":99,"column":66}},"33":{"start":{"line":100,"column":6},"end":{"line":100,"column":62}},"34":{"start":{"line":100,"column":32},"end":{"line":100,"column":62}},"35":{"start":{"line":101,"column":6},"end":{"line":101,"column":53}},"36":{"start":{"line":106,"column":0},"end":{"line":106,"column":30}}},"fnMap":{"0":{"name":"(anonymous_0)","decl":{"start":{"line":16,"column":2},"end":{"line":16,"column":3}},"loc":{"start":{"line":16,"column":16},"end":{"line":32,"column":3}},"line":16},"1":{"name":"(anonymous_1)","decl":{"start":{"line":43,"column":2},"end":{"line":43,"column":3}},"loc":{"start":{"line":43,"column":43},"end":{"line":48,"column":3}},"line":43},"2":{"name":"(anonymous_2)","decl":{"start":{"line":54,"column":2},"end":{"line":54,"column":3}},"loc":{"start":{"line":54,"column":33},"end":{"line":69,"column":3}},"line":54},"3":{"name":"(anonymous_3)","decl":{"start":{"line":74,"column":2},"end":{"line":74,"column":3}},"loc":{"start":{"line":74,"column":48},"end":{"line":103,"column":3}},"line":74}},"branchMap":{"0":{"loc":{"start":{"line":20,"column":4},"end":{"line":31,"column":5}},"type":"if","locations":[{"start":{"line":20,"column":4},"end":{"line":31,"column":5}},{"start":{},"end":{}}],"line":20},"1":{"loc":{"start":{"line":21,"column":6},"end":{"line":23,"column":7}},"type":"if","locations":[{"start":{"line":21,"column":6},"end":{"line":23,"column":7}},{"start":{},"end":{}}],"line":21},"2":{"loc":{"start":{"line":43,"column":26},"end":{"line":43,"column":41}},"type":"default-arg","locations":[{"start":{"line":43,"column":35},"end":{"line":43,"column":41}}],"line":43},"3":{"loc":{"start":{"line":44,"column":4},"end":{"line":46,"column":5}},"type":"if","locations":[{"start":{"line":44,"column":4},"end":{"line":46,"column":5}},{"start":{},"end":{}}],"line":44},"4":{"loc":{"start":{"line":55,"column":4},"end":{"line":57,"column":5}},"type":"if","locations":[{"start":{"line":55,"column":4},"end":{"line":57,"column":5}},{"start":{},"end":{}}],"line":55},"5":{"loc":{"start":{"line":55,"column":8},"end":{"line":55,"column":41}},"type":"binary-expr","locations":[{"start":{"line":55,"column":8},"end":{"line":55,"column":13}},{"start":{"line":55,"column":17},"end":{"line":55,"column":41}}],"line":55},"6":{"loc":{"start":{"line":60,"column":4},"end":{"line":62,"column":5}},"type":"if","locations":[{"start":{"line":60,"column":4},"end":{"line":62,"column":5}},{"start":{},"end":{}}],"line":60},"7":{"loc":{"start":{"line":94,"column":18},"end":{"line":94,"column":46}},"type":"binary-expr","locations":[{"start":{"line":94,"column":18},"end":{"line":94,"column":40}},{"start":{"line":94,"column":44},"end":{"line":94,"column":46}}],"line":94},"8":{"loc":{"start":{"line":95,"column":18},"end":{"line":95,"column":45}},"type":"binary-expr","locations":[{"start":{"line":95,"column":18},"end":{"line":95,"column":40}},{"start":{"line":95,"column":44},"end":{"line":95,"column":45}}],"line":95},"9":{"loc":{"start":{"line":99,"column":6},"end":{"line":99,"column":66}},"type":"if","locations":[{"start":{"line":99,"column":6},"end":{"line":99,"column":66}},{"start":{},"end":{}}],"line":99},"10":{"loc":{"start":{"line":100,"column":6},"end":{"line":100,"column":62}},"type":"if","locations":[{"start":{"line":100,"column":6},"end":{"line":100,"column":62}},{"start":{},"end":{}}],"line":100}},"s":{"0":5,"1":5,"2":5,"3":5,"4":5,"5":5,"6":5,"7":1,"8":0,"9":1,"10":1,"11":1,"12":1,"13":5,"14":4,"15":1,"16":4,"17":2,"18":2,"19":2,"20":0,"21":2,"22":1,"23":1,"24":1,"25":1,"26":1,"27":1,"28":1,"29":1,"30":0,"31":0,"32":0,"33":0,"34":0,"35":0,"36":5},"f":{"0":5,"1":5,"2":4,"3":1},"b":{"0":[1,4],"1":[0,1],"2":[3],"3":[4,1],"4":[2,2],"5":[4,2],"6":[0,2],"7":[1,0],"8":[1,0],"9":[0,0],"10":[0,0]},"_coverageSchema":"1a1c01bbd47fc00a2c39e90264f33305004495a9","hash":"171c6189c223dae310c145a53a51631d4cce8a5e"}
,"C:\\Users\\mingyan2233\\Documents\\ai-interpret\\server\\translator.js": {"path":"C:\\Users\\mingyan2233\\Documents\\ai-interpret\\server\\translator.js","statementMap":{"0":{"start":{"line":7,"column":15},"end":{"line":7,"column":32}},"1":{"start":{"line":8,"column":15},"end":{"line":8,"column":34}},"2":{"start":{"line":12,"column":4},"end":{"line":15,"column":5}},"3":{"start":{"line":13,"column":6},"end":{"line":13,"column":44}},"4":{"start":{"line":14,"column":6},"end":{"line":14,"column":85}},"5":{"start":{"line":17,"column":4},"end":{"line":20,"column":7}},"6":{"start":{"line":22,"column":4},"end":{"line":22,"column":42}},"7":{"start":{"line":23,"column":4},"end":{"line":23,"column":52}},"8":{"start":{"line":24,"column":4},"end":{"line":24,"column":52}},"9":{"start":{"line":25,"column":4},"end":{"line":25,"column":66}},"10":{"start":{"line":27,"column":4},"end":{"line":27,"column":22}},"11":{"start":{"line":28,"column":4},"end":{"line":28,"column":26}},"12":{"start":{"line":29,"column":4},"end":{"line":29,"column":30}},"13":{"start":{"line":31,"column":17},"end":{"line":31,"column":33}},"14":{"start":{"line":32,"column":4},"end":{"line":32,"column":119}},"15":{"start":{"line":33,"column":4},"end":{"line":33,"column":51}},"16":{"start":{"line":37,"column":22},"end":{"line":40,"column":5}},"17":{"start":{"line":42,"column":23},"end":{"line":42,"column":68}},"18":{"start":{"line":43,"column":23},"end":{"line":43,"column":68}},"19":{"start":{"line":45,"column":4},"end":{"line":60,"column":17}},"20":{"start":{"line":70,"column":4},"end":{"line":72,"column":5}},"21":{"start":{"line":71,"column":6},"end":{"line":71,"column":89}},"22":{"start":{"line":74,"column":22},"end":{"line":74,"column":63}},"23":{"start":{"line":75,"column":22},"end":{"line":75,"column":50}},"24":{"start":{"line":77,"column":4},"end":{"line":125,"column":5}},"25":{"start":{"line":78,"column":29},"end":{"line":78,"column":69}},"26":{"start":{"line":80,"column":23},"end":{"line":82,"column":7}},"27":{"start":{"line":84,"column":28},"end":{"line":84,"column":71}},"28":{"start":{"line":85,"column":6},"end":{"line":88,"column":7}},"29":{"start":{"line":86,"column":8},"end":{"line":86,"column":77}},"30":{"start":{"line":87,"column":8},"end":{"line":87,"column":75}},"31":{"start":{"line":90,"column":6},"end":{"line":90,"column":62}},"32":{"start":{"line":92,"column":23},"end":{"line":97,"column":8}},"33":{"start":{"line":99,"column":29},"end":{"line":99,"column":80}},"34":{"start":{"line":101,"column":6},"end":{"line":107,"column":9}},"35":{"start":{"line":108,"column":6},"end":{"line":108,"column":90}},"36":{"start":{"line":110,"column":6},"end":{"line":115,"column":8}},"37":{"start":{"line":117,"column":6},"end":{"line":117,"column":47}},"38":{"start":{"line":118,"column":6},"end":{"line":118,"column":65}},"39":{"start":{"line":118,"column":32},"end":{"line":118,"column":65}},"40":{"start":{"line":119,"column":6},"end":{"line":124,"column":8}},"41":{"start":{"line":132,"column":24},"end":{"line":132,"column":26}},"42":{"start":{"line":133,"column":27},"end":{"line":135,"column":15}},"43":{"start":{"line":134,"column":13},"end":{"line":134,"column":45}},"44":{"start":{"line":137,"column":4},"end":{"line":179,"column":5}},"45":{"start":{"line":138,"column":23},"end":{"line":138,"column":54}},"46":{"start":{"line":139,"column":23},"end":{"line":139,"column":48}},"47":{"start":{"line":142,"column":25},"end":{"line":142,"column":72}},"48":{"start":{"line":143,"column":6},"end":{"line":153,"column":7}},"49":{"start":{"line":144,"column":8},"end":{"line":151,"column":11}},"50":{"start":{"line":152,"column":8},"end":{"line":152,"column":17}},"51":{"start":{"line":156,"column":6},"end":{"line":166,"column":7}},"52":{"start":{"line":157,"column":8},"end":{"line":164,"column":11}},"53":{"start":{"line":165,"column":8},"end":{"line":165,"column":17}},"54":{"start":{"line":169,"column":6},"end":{"line":178,"column":7}},"55":{"start":{"line":170,"column":8},"end":{"line":177,"column":11}},"56":{"start":{"line":181,"column":4},"end":{"line":181,"column":66}},"57":{"start":{"line":185,"column":4},"end":{"line":185,"column":26}},"58":{"start":{"line":185,"column":17},"end":{"line":185,"column":26}},"59":{"start":{"line":186,"column":4},"end":{"line":186,"column":51}},"60":{"start":{"line":186,"column":42},"end":{"line":186,"column":51}},"61":{"start":{"line":188,"column":19},"end":{"line":188,"column":70}},"62":{"start":{"line":188,"column":66},"end":{"line":188,"column":69}},"63":{"start":{"line":189,"column":4},"end":{"line":189,"column":57}},"64":{"start":{"line":189,"column":17},"end":{"line":189,"column":18}},"65":{"start":{"line":189,"column":40},"end":{"line":189,"column":57}},"66":{"start":{"line":191,"column":4},"end":{"line":199,"column":5}},"67":{"start":{"line":191,"column":17},"end":{"line":191,"column":18}},"68":{"start":{"line":192,"column":6},"end":{"line":198,"column":7}},"69":{"start":{"line":192,"column":19},"end":{"line":192,"column":20}},"70":{"start":{"line":193,"column":8},"end":{"line":197,"column":10}},"71":{"start":{"line":201,"column":19},"end":{"line":201,"column":47}},"72":{"start":{"line":202,"column":4},"end":{"line":202,"column":51}},"73":{"start":{"line":210,"column":4},"end":{"line":210,"column":27}},"74":{"start":{"line":210,"column":28},"end":{"line":210,"column":46}},"75":{"start":{"line":210,"column":47},"end":{"line":210,"column":69}},"76":{"start":{"line":210,"column":70},"end":{"line":210,"column":106}},"77":{"start":{"line":217,"column":4},"end":{"line":217,"column":27}},"78":{"start":{"line":217,"column":28},"end":{"line":217,"column":46}},"79":{"start":{"line":217,"column":47},"end":{"line":217,"column":69}},"80":{"start":{"line":217,"column":70},"end":{"line":217,"column":107}},"81":{"start":{"line":221,"column":4},"end":{"line":221,"column":22}},"82":{"start":{"line":222,"column":4},"end":{"line":222,"column":26}},"83":{"start":{"line":223,"column":4},"end":{"line":223,"column":30}},"84":{"start":{"line":227,"column":0},"end":{"line":227,"column":28}}},"fnMap":{"0":{"name":"(anonymous_0)","decl":{"start":{"line":11,"column":2},"end":{"line":11,"column":3}},"loc":{"start":{"line":11,"column":16},"end":{"line":34,"column":3}},"line":11},"1":{"name":"(anonymous_1)","decl":{"start":{"line":36,"column":2},"end":{"line":36,"column":3}},"loc":{"start":{"line":36,"column":23},"end":{"line":61,"column":3}},"line":36},"2":{"name":"(anonymous_2)","decl":{"start":{"line":69,"column":2},"end":{"line":69,"column":3}},"loc":{"start":{"line":69,"column":35},"end":{"line":126,"column":3}},"line":69},"3":{"name":"(anonymous_3)","decl":{"start":{"line":131,"column":2},"end":{"line":131,"column":3}},"loc":{"start":{"line":131,"column":52},"end":{"line":182,"column":3}},"line":131},"4":{"name":"(anonymous_4)","decl":{"start":{"line":134,"column":6},"end":{"line":134,"column":7}},"loc":{"start":{"line":134,"column":13},"end":{"line":134,"column":45}},"line":134},"5":{"name":"(anonymous_5)","decl":{"start":{"line":184,"column":2},"end":{"line":184,"column":3}},"loc":{"start":{"line":184,"column":31},"end":{"line":203,"column":3}},"line":184},"6":{"name":"(anonymous_6)","decl":{"start":{"line":188,"column":56},"end":{"line":188,"column":57}},"loc":{"start":{"line":188,"column":66},"end":{"line":188,"column":69}},"line":188},"7":{"name":"(anonymous_7)","decl":{"start":{"line":209,"column":2},"end":{"line":209,"column":3}},"loc":{"start":{"line":209,"column":22},"end":{"line":211,"column":3}},"line":209},"8":{"name":"(anonymous_8)","decl":{"start":{"line":216,"column":2},"end":{"line":216,"column":3}},"loc":{"start":{"line":216,"column":22},"end":{"line":218,"column":3}},"line":216},"9":{"name":"(anonymous_9)","decl":{"start":{"line":220,"column":2},"end":{"line":220,"column":3}},"loc":{"start":{"line":220,"column":10},"end":{"line":224,"column":3}},"line":220}},"branchMap":{"0":{"loc":{"start":{"line":12,"column":4},"end":{"line":15,"column":5}},"type":"if","locations":[{"start":{"line":12,"column":4},"end":{"line":15,"column":5}},{"start":{},"end":{}}],"line":12},"1":{"loc":{"start":{"line":32,"column":43},"end":{"line":32,"column":114}},"type":"cond-expr","locations":[{"start":{"line":32,"column":65},"end":{"line":32,"column":75}},{"start":{"line":32,"column":78},"end":{"line":32,"column":114}}],"line":32},"2":{"loc":{"start":{"line":32,"column":78},"end":{"line":32,"column":114}},"type":"cond-expr","locations":[{"start":{"line":32,"column":98},"end":{"line":32,"column":106}},{"start":{"line":32,"column":109},"end":{"line":32,"column":114}}],"line":32},"3":{"loc":{"start":{"line":42,"column":23},"end":{"line":42,"column":68}},"type":"binary-expr","locations":[{"start":{"line":42,"column":23},"end":{"line":42,"column":49}},{"start":{"line":42,"column":53},"end":{"line":42,"column":68}}],"line":42},"4":{"loc":{"start":{"line":43,"column":23},"end":{"line":43,"column":68}},"type":"binary-expr","locations":[{"start":{"line":43,"column":23},"end":{"line":43,"column":49}},{"start":{"line":43,"column":53},"end":{"line":43,"column":68}}],"line":43},"5":{"loc":{"start":{"line":69,"column":24},"end":{"line":69,"column":33}},"type":"default-arg","locations":[{"start":{"line":69,"column":31},"end":{"line":69,"column":33}}],"line":69},"6":{"loc":{"start":{"line":70,"column":4},"end":{"line":72,"column":5}},"type":"if","locations":[{"start":{"line":70,"column":4},"end":{"line":72,"column":5}},{"start":{},"end":{}}],"line":70},"7":{"loc":{"start":{"line":70,"column":8},"end":{"line":70,"column":41}},"type":"binary-expr","locations":[{"start":{"line":70,"column":8},"end":{"line":70,"column":13}},{"start":{"line":70,"column":17},"end":{"line":70,"column":41}}],"line":70},"8":{"loc":{"start":{"line":74,"column":22},"end":{"line":74,"column":63}},"type":"binary-expr","locations":[{"start":{"line":74,"column":22},"end":{"line":74,"column":36}},{"start":{"line":74,"column":40},"end":{"line":74,"column":63}}],"line":74},"9":{"loc":{"start":{"line":75,"column":22},"end":{"line":75,"column":50}},"type":"binary-expr","locations":[{"start":{"line":75,"column":22},"end":{"line":75,"column":36}},{"start":{"line":75,"column":40},"end":{"line":75,"column":50}}],"line":75},"10":{"loc":{"start":{"line":99,"column":29},"end":{"line":99,"column":80}},"type":"binary-expr","locations":[{"start":{"line":99,"column":29},"end":{"line":99,"column":74}},{"start":{"line":99,"column":78},"end":{"line":99,"column":80}}],"line":99},"11":{"loc":{"start":{"line":118,"column":6},"end":{"line":118,"column":65}},"type":"if","locations":[{"start":{"line":118,"column":6},"end":{"line":118,"column":65}},{"start":{},"end":{}}],"line":118},"12":{"loc":{"start":{"line":143,"column":6},"end":{"line":153,"column":7}},"type":"if","locations":[{"start":{"line":143,"column":6},"end":{"line":153,"column":7}},{"start":{},"end":{}}],"line":143},"13":{"loc":{"start":{"line":143,"column":10},"end":{"line":143,"column":47}},"type":"binary-expr","locations":[{"start":{"line":143,"column":10},"end":{"line":143,"column":26}},{"start":{"line":143,"column":30},"end":{"line":143,"column":47}}],"line":143},"14":{"loc":{"start":{"line":156,"column":6},"end":{"line":166,"column":7}},"type":"if","locations":[{"start":{"line":156,"column":6},"end":{"line":166,"column":7}},{"start":{},"end":{}}],"line":156},"15":{"loc":{"start":{"line":156,"column":10},"end":{"line":156,"column":80}},"type":"binary-expr","locations":[{"start":{"line":156,"column":10},"end":{"line":156,"column":37}},{"start":{"line":156,"column":41},"end":{"line":156,"column":80}}],"line":156},"16":{"loc":{"start":{"line":169,"column":6},"end":{"line":178,"column":7}},"type":"if","locations":[{"start":{"line":169,"column":6},"end":{"line":178,"column":7}},{"start":{},"end":{}}],"line":169},"17":{"loc":{"start":{"line":169,"column":10},"end":{"line":169,"column":80}},"type":"binary-expr","locations":[{"start":{"line":169,"column":10},"end":{"line":169,"column":37}},{"start":{"line":169,"column":41},"end":{"line":169,"column":80}}],"line":169},"18":{"loc":{"start":{"line":185,"column":4},"end":{"line":185,"column":26}},"type":"if","locations":[{"start":{"line":185,"column":4},"end":{"line":185,"column":26}},{"start":{},"end":{}}],"line":185},"19":{"loc":{"start":{"line":186,"column":4},"end":{"line":186,"column":51}},"type":"if","locations":[{"start":{"line":186,"column":4},"end":{"line":186,"column":51}},{"start":{},"end":{}}],"line":186},"20":{"loc":{"start":{"line":186,"column":8},"end":{"line":186,"column":40}},"type":"binary-expr","locations":[{"start":{"line":186,"column":8},"end":{"line":186,"column":22}},{"start":{"line":186,"column":26},"end":{"line":186,"column":40}}],"line":186},"21":{"loc":{"start":{"line":196,"column":34},"end":{"line":196,"column":63}},"type":"cond-expr","locations":[{"start":{"line":196,"column":58},"end":{"line":196,"column":59}},{"start":{"line":196,"column":62},"end":{"line":196,"column":63}}],"line":196}},"s":{"0":1,"1":1,"2":18,"3":0,"4":0,"5":18,"6":18,"7":18,"8":18,"9":18,"10":18,"11":18,"12":18,"13":18,"14":18,"15":18,"16":7,"17":7,"18":7,"19":7,"20":9,"21":2,"22":7,"23":7,"24":7,"25":7,"26":7,"27":7,"28":7,"29":4,"30":4,"31":7,"32":7,"33":7,"34":7,"35":7,"36":7,"37":0,"38":0,"39":0,"40":0,"41":12,"42":12,"43":10,"44":12,"45":10,"46":10,"47":10,"48":10,"49":5,"50":5,"51":5,"52":0,"53":0,"54":5,"55":0,"56":12,"57":18,"58":2,"59":16,"60":2,"61":14,"62":398,"63":14,"64":14,"65":387,"66":14,"67":14,"68":384,"69":384,"70":14912,"71":14,"72":14,"73":1,"74":1,"75":1,"76":1,"77":1,"78":1,"79":1,"80":1,"81":1,"82":1,"83":1,"84":1},"f":{"0":18,"1":7,"2":9,"3":12,"4":10,"5":18,"6":398,"7":1,"8":1,"9":1},"b":{"0":[0,18],"1":[18,0],"2":[0,0],"3":[7,0],"4":[7,0],"5":[5],"6":[2,7],"7":[9,8],"8":[7,3],"9":[7,7],"10":[7,0],"11":[0,0],"12":[5,5],"13":[10,5],"14":[0,5],"15":[5,0],"16":[0,5],"17":[5,0],"18":[2,16],"19":[2,14],"20":[16,15],"21":[1222,13690]},"_coverageSchema":"1a1c01bbd47fc00a2c39e90264f33305004495a9","hash":"5d5b97006e997c605ee40d56b4a540cb9f65481c"}
,"C:\\Users\\mingyan2233\\Documents\\ai-interpret\\server\\websocket.js": {"path":"C:\\Users\\mingyan2233\\Documents\\ai-interpret\\server\\websocket.js","statementMap":{"0":{"start":{"line":5,"column":18},"end":{"line":5,"column":31}},"1":{"start":{"line":6,"column":15},"end":{"line":6,"column":34}},"2":{"start":{"line":10,"column":4},"end":{"line":10,"column":19}},"3":{"start":{"line":11,"column":4},"end":{"line":11,"column":33}},"4":{"start":{"line":13,"column":4},"end":{"line":13,"column":48}},"5":{"start":{"line":14,"column":4},"end":{"line":14,"column":29}},"6":{"start":{"line":16,"column":4},"end":{"line":16,"column":26}},"7":{"start":{"line":17,"column":4},"end":{"line":17,"column":37}},"8":{"start":{"line":18,"column":4},"end":{"line":18,"column":58}},"9":{"start":{"line":22,"column":4},"end":{"line":64,"column":7}},"10":{"start":{"line":23,"column":23},"end":{"line":23,"column":87}},"11":{"start":{"line":24,"column":6},"end":{"line":24,"column":52}},"12":{"start":{"line":26,"column":26},"end":{"line":36,"column":7}},"13":{"start":{"line":37,"column":6},"end":{"line":37,"column":40}},"14":{"start":{"line":39,"column":6},"end":{"line":46,"column":9}},"15":{"start":{"line":40,"column":8},"end":{"line":45,"column":9}},"16":{"start":{"line":41,"column":10},"end":{"line":41,"column":59}},"17":{"start":{"line":43,"column":10},"end":{"line":43,"column":67}},"18":{"start":{"line":44,"column":10},"end":{"line":44,"column":61}},"19":{"start":{"line":48,"column":6},"end":{"line":51,"column":9}},"20":{"start":{"line":49,"column":8},"end":{"line":49,"column":51}},"21":{"start":{"line":50,"column":8},"end":{"line":50,"column":32}},"22":{"start":{"line":53,"column":6},"end":{"line":56,"column":9}},"23":{"start":{"line":54,"column":8},"end":{"line":54,"column":65}},"24":{"start":{"line":55,"column":8},"end":{"line":55,"column":32}},"25":{"start":{"line":58,"column":6},"end":{"line":63,"column":9}},"26":{"start":{"line":69,"column":4},"end":{"line":76,"column":5}},"27":{"start":{"line":70,"column":6},"end":{"line":70,"column":44}},"28":{"start":{"line":72,"column":6},"end":{"line":74,"column":7}},"29":{"start":{"line":73,"column":8},"end":{"line":73,"column":53}},"30":{"start":{"line":75,"column":6},"end":{"line":75,"column":13}},"31":{"start":{"line":78,"column":4},"end":{"line":119,"column":5}},"32":{"start":{"line":80,"column":8},"end":{"line":80,"column":56}},"33":{"start":{"line":81,"column":8},"end":{"line":81,"column":14}},"34":{"start":{"line":84,"column":8},"end":{"line":87,"column":9}},"35":{"start":{"line":85,"column":30},"end":{"line":85,"column":65}},"36":{"start":{"line":86,"column":10},"end":{"line":86,"column":62}},"37":{"start":{"line":88,"column":8},"end":{"line":88,"column":14}},"38":{"start":{"line":92,"column":8},"end":{"line":92,"column":62}},"39":{"start":{"line":93,"column":8},"end":{"line":95,"column":9}},"40":{"start":{"line":94,"column":10},"end":{"line":94,"column":67}},"41":{"start":{"line":96,"column":8},"end":{"line":98,"column":9}},"42":{"start":{"line":97,"column":10},"end":{"line":97,"column":67}},"43":{"start":{"line":99,"column":8},"end":{"line":105,"column":11}},"44":{"start":{"line":106,"column":8},"end":{"line":106,"column":100}},"45":{"start":{"line":107,"column":8},"end":{"line":107,"column":14}},"46":{"start":{"line":110,"column":8},"end":{"line":110,"column":32}},"47":{"start":{"line":111,"column":8},"end":{"line":111,"column":44}},"48":{"start":{"line":112,"column":8},"end":{"line":112,"column":46}},"49":{"start":{"line":113,"column":8},"end":{"line":113,"column":41}},"50":{"start":{"line":114,"column":8},"end":{"line":114,"column":14}},"51":{"start":{"line":117,"column":8},"end":{"line":117,"column":41}},"52":{"start":{"line":118,"column":8},"end":{"line":118,"column":14}},"53":{"start":{"line":123,"column":17},"end":{"line":123,"column":44}},"54":{"start":{"line":124,"column":4},"end":{"line":124,"column":22}},"55":{"start":{"line":124,"column":15},"end":{"line":124,"column":22}},"56":{"start":{"line":126,"column":4},"end":{"line":126,"column":43}},"57":{"start":{"line":126,"column":36},"end":{"line":126,"column":43}},"58":{"start":{"line":127,"column":4},"end":{"line":127,"column":29}},"59":{"start":{"line":129,"column":4},"end":{"line":129,"column":36}},"60":{"start":{"line":131,"column":4},"end":{"line":135,"column":7}},"61":{"start":{"line":137,"column":22},"end":{"line":137,"column":53}},"62":{"start":{"line":138,"column":4},"end":{"line":138,"column":32}},"63":{"start":{"line":138,"column":25},"end":{"line":138,"column":32}},"64":{"start":{"line":140,"column":30},"end":{"line":142,"column":6}},"65":{"start":{"line":144,"column":4},"end":{"line":173,"column":5}},"66":{"start":{"line":145,"column":6},"end":{"line":145,"column":62}},"67":{"start":{"line":147,"column":6},"end":{"line":155,"column":9}},"68":{"start":{"line":157,"column":6},"end":{"line":172,"column":7}},"69":{"start":{"line":158,"column":8},"end":{"line":171,"column":9}},"70":{"start":{"line":159,"column":10},"end":{"line":159,"column":68}},"71":{"start":{"line":160,"column":10},"end":{"line":170,"column":13}},"72":{"start":{"line":177,"column":4},"end":{"line":177,"column":72}},"73":{"start":{"line":178,"column":4},"end":{"line":182,"column":5}},"74":{"start":{"line":179,"column":6},"end":{"line":181,"column":7}},"75":{"start":{"line":180,"column":8},"end":{"line":180,"column":50}},"76":{"start":{"line":186,"column":4},"end":{"line":186,"column":47}},"77":{"start":{"line":186,"column":40},"end":{"line":186,"column":47}},"78":{"start":{"line":187,"column":4},"end":{"line":187,"column":30}},"79":{"start":{"line":188,"column":19},"end":{"line":188,"column":36}},"80":{"start":{"line":189,"column":4},"end":{"line":189,"column":40}},"81":{"start":{"line":190,"column":4},"end":{"line":190,"column":39}},"82":{"start":{"line":192,"column":4},"end":{"line":210,"column":5}},"83":{"start":{"line":193,"column":24},"end":{"line":193,"column":65}},"84":{"start":{"line":194,"column":6},"end":{"line":205,"column":7}},"85":{"start":{"line":195,"column":8},"end":{"line":195,"column":123}},"86":{"start":{"line":196,"column":34},"end":{"line":196,"column":108}},"87":{"start":{"line":197,"column":8},"end":{"line":204,"column":9}},"88":{"start":{"line":198,"column":10},"end":{"line":198,"column":289}},"89":{"start":{"line":199,"column":10},"end":{"line":203,"column":11}},"90":{"start":{"line":200,"column":12},"end":{"line":202,"column":13}},"91":{"start":{"line":201,"column":14},"end":{"line":201,"column":327}},"92":{"start":{"line":207,"column":6},"end":{"line":207,"column":47}},"93":{"start":{"line":209,"column":6},"end":{"line":209,"column":33}},"94":{"start":{"line":214,"column":4},"end":{"line":216,"column":5}},"95":{"start":{"line":215,"column":6},"end":{"line":215,"column":36}},"96":{"start":{"line":220,"column":0},"end":{"line":220,"column":34}}},"fnMap":{"0":{"name":"(anonymous_0)","decl":{"start":{"line":9,"column":2},"end":{"line":9,"column":3}},"loc":{"start":{"line":9,"column":39},"end":{"line":19,"column":3}},"line":9},"1":{"name":"(anonymous_1)","decl":{"start":{"line":21,"column":2},"end":{"line":21,"column":3}},"loc":{"start":{"line":21,"column":19},"end":{"line":65,"column":3}},"line":21},"2":{"name":"(anonymous_2)","decl":{"start":{"line":22,"column":30},"end":{"line":22,"column":31}},"loc":{"start":{"line":22,"column":43},"end":{"line":64,"column":5}},"line":22},"3":{"name":"(anonymous_3)","decl":{"start":{"line":39,"column":23},"end":{"line":39,"column":24}},"loc":{"start":{"line":39,"column":39},"end":{"line":46,"column":7}},"line":39},"4":{"name":"(anonymous_4)","decl":{"start":{"line":48,"column":21},"end":{"line":48,"column":22}},"loc":{"start":{"line":48,"column":27},"end":{"line":51,"column":7}},"line":48},"5":{"name":"(anonymous_5)","decl":{"start":{"line":53,"column":21},"end":{"line":53,"column":22}},"loc":{"start":{"line":53,"column":32},"end":{"line":56,"column":7}},"line":53},"6":{"name":"(anonymous_6)","decl":{"start":{"line":67,"column":2},"end":{"line":67,"column":3}},"loc":{"start":{"line":67,"column":40},"end":{"line":120,"column":3}},"line":67},"7":{"name":"(anonymous_7)","decl":{"start":{"line":122,"column":2},"end":{"line":122,"column":3}},"loc":{"start":{"line":122,"column":45},"end":{"line":174,"column":3}},"line":122},"8":{"name":"(anonymous_8)","decl":{"start":{"line":176,"column":2},"end":{"line":176,"column":3}},"loc":{"start":{"line":176,"column":49},"end":{"line":183,"column":3}},"line":176},"9":{"name":"(anonymous_9)","decl":{"start":{"line":185,"column":2},"end":{"line":185,"column":3}},"loc":{"start":{"line":185,"column":39},"end":{"line":211,"column":3}},"line":185},"10":{"name":"(anonymous_10)","decl":{"start":{"line":213,"column":2},"end":{"line":213,"column":3}},"loc":{"start":{"line":213,"column":18},"end":{"line":217,"column":3}},"line":213}},"branchMap":{"0":{"loc":{"start":{"line":72,"column":6},"end":{"line":74,"column":7}},"type":"if","locations":[{"start":{"line":72,"column":6},"end":{"line":74,"column":7}},{"start":{},"end":{}}],"line":72},"1":{"loc":{"start":{"line":78,"column":4},"end":{"line":119,"column":5}},"type":"switch","locations":[{"start":{"line":79,"column":6},"end":{"line":81,"column":14}},{"start":{"line":83,"column":6},"end":{"line":88,"column":14}},{"start":{"line":90,"column":6},"end":{"line":107,"column":14}},{"start":{"line":109,"column":6},"end":{"line":114,"column":14}},{"start":{"line":116,"column":6},"end":{"line":118,"column":14}}],"line":78},"2":{"loc":{"start":{"line":84,"column":8},"end":{"line":87,"column":9}},"type":"if","locations":[{"start":{"line":84,"column":8},"end":{"line":87,"column":9}},{"start":{},"end":{}}],"line":84},"3":{"loc":{"start":{"line":93,"column":8},"end":{"line":95,"column":9}},"type":"if","locations":[{"start":{"line":93,"column":8},"end":{"line":95,"column":9}},{"start":{},"end":{}}],"line":93},"4":{"loc":{"start":{"line":96,"column":8},"end":{"line":98,"column":9}},"type":"if","locations":[{"start":{"line":96,"column":8},"end":{"line":98,"column":9}},{"start":{},"end":{}}],"line":96},"5":{"loc":{"start":{"line":123,"column":18},"end":{"line":123,"column":36}},"type":"binary-expr","locations":[{"start":{"line":123,"column":18},"end":{"line":123,"column":30}},{"start":{"line":123,"column":34},"end":{"line":123,"column":36}}],"line":123},"6":{"loc":{"start":{"line":124,"column":4},"end":{"line":124,"column":22}},"type":"if","locations":[{"start":{"line":124,"column":4},"end":{"line":124,"column":22}},{"start":{},"end":{}}],"line":124},"7":{"loc":{"start":{"line":126,"column":4},"end":{"line":126,"column":43}},"type":"if","locations":[{"start":{"line":126,"column":4},"end":{"line":126,"column":43}},{"start":{},"end":{}}],"line":126},"8":{"loc":{"start":{"line":138,"column":4},"end":{"line":138,"column":32}},"type":"if","locations":[{"start":{"line":138,"column":4},"end":{"line":138,"column":32}},{"start":{},"end":{}}],"line":138},"9":{"loc":{"start":{"line":144,"column":4},"end":{"line":173,"column":5}},"type":"if","locations":[{"start":{"line":144,"column":4},"end":{"line":173,"column":5}},{"start":{},"end":{}}],"line":144},"10":{"loc":{"start":{"line":153,"column":21},"end":{"line":153,"column":56}},"type":"binary-expr","locations":[{"start":{"line":153,"column":21},"end":{"line":153,"column":50}},{"start":{"line":153,"column":54},"end":{"line":153,"column":56}}],"line":153},"11":{"loc":{"start":{"line":157,"column":6},"end":{"line":172,"column":7}},"type":"if","locations":[{"start":{"line":157,"column":6},"end":{"line":172,"column":7}},{"start":{},"end":{}}],"line":157},"12":{"loc":{"start":{"line":157,"column":10},"end":{"line":157,"column":73}},"type":"binary-expr","locations":[{"start":{"line":157,"column":10},"end":{"line":157,"column":40}},{"start":{"line":157,"column":44},"end":{"line":157,"column":73}}],"line":157},"13":{"loc":{"start":{"line":178,"column":4},"end":{"line":182,"column":5}},"type":"if","locations":[{"start":{"line":178,"column":4},"end":{"line":182,"column":5}},{"start":{},"end":{}}],"line":178},"14":{"loc":{"start":{"line":178,"column":8},"end":{"line":178,"column":64}},"type":"binary-expr","locations":[{"start":{"line":178,"column":8},"end":{"line":178,"column":41}},{"start":{"line":178,"column":45},"end":{"line":178,"column":64}}],"line":178},"15":{"loc":{"start":{"line":179,"column":6},"end":{"line":181,"column":7}},"type":"if","locations":[{"start":{"line":179,"column":6},"end":{"line":181,"column":7}},{"start":{},"end":{}}],"line":179},"16":{"loc":{"start":{"line":186,"column":4},"end":{"line":186,"column":47}},"type":"if","locations":[{"start":{"line":186,"column":4},"end":{"line":186,"column":47}},{"start":{},"end":{}}],"line":186},"17":{"loc":{"start":{"line":194,"column":6},"end":{"line":205,"column":7}},"type":"if","locations":[{"start":{"line":194,"column":6},"end":{"line":205,"column":7}},{"start":{},"end":{}}],"line":194},"18":{"loc":{"start":{"line":197,"column":8},"end":{"line":204,"column":9}},"type":"if","locations":[{"start":{"line":197,"column":8},"end":{"line":204,"column":9}},{"start":{},"end":{}}],"line":197},"19":{"loc":{"start":{"line":198,"column":227},"end":{"line":198,"column":262}},"type":"binary-expr","locations":[{"start":{"line":198,"column":227},"end":{"line":198,"column":256}},{"start":{"line":198,"column":260},"end":{"line":198,"column":262}}],"line":198},"20":{"loc":{"start":{"line":199,"column":10},"end":{"line":203,"column":11}},"type":"if","locations":[{"start":{"line":199,"column":10},"end":{"line":203,"column":11}},{"start":{},"end":{}}],"line":199},"21":{"loc":{"start":{"line":199,"column":14},"end":{"line":199,"column":77}},"type":"binary-expr","locations":[{"start":{"line":199,"column":14},"end":{"line":199,"column":44}},{"start":{"line":199,"column":48},"end":{"line":199,"column":77}}],"line":199},"22":{"loc":{"start":{"line":214,"column":4},"end":{"line":216,"column":5}},"type":"if","locations":[{"start":{"line":214,"column":4},"end":{"line":216,"column":5}},{"start":{},"end":{}}],"line":214}},"s":{"0":14,"1":14,"2":14,"3":14,"4":14,"5":14,"6":14,"7":14,"8":14,"9":14,"10":0,"11":0,"12":0,"13":0,"14":0,"15":0,"16":0,"17":0,"18":0,"19":0,"20":0,"21":0,"22":0,"23":0,"24":0,"25":0,"26":11,"27":11,"28":1,"29":0,"30":1,"31":10,"32":3,"33":3,"34":0,"35":0,"36":0,"37":0,"38":3,"39":3,"40":2,"41":3,"42":2,"43":3,"44":3,"45":3,"46":2,"47":2,"48":2,"49":2,"50":2,"51":1,"52":1,"53":3,"54":3,"55":1,"56":2,"57":1,"58":1,"59":1,"60":1,"61":1,"62":1,"63":0,"64":1,"65":1,"66":1,"67":1,"68":1,"69":0,"70":0,"71":0,"72":0,"73":0,"74":0,"75":0,"76":0,"77":0,"78":0,"79":0,"80":0,"81":0,"82":0,"83":0,"84":0,"85":0,"86":0,"87":0,"88":0,"89":0,"90":0,"91":0,"92":0,"93":0,"94":10,"95":9,"96":14},"f":{"0":14,"1":14,"2":0,"3":0,"4":0,"5":0,"6":11,"7":3,"8":0,"9":0,"10":10},"b":{"0":[0,1],"1":[3,0,3,2,1],"2":[0,0],"3":[2,1],"4":[2,1],"5":[3,0],"6":[1,2],"7":[1,1],"8":[0,1],"9":[1,0],"10":[1,0],"11":[0,1],"12":[1,0],"13":[0,0],"14":[0,0],"15":[0,0],"16":[0,0],"17":[0,0],"18":[0,0],"19":[0,0],"20":[0,0],"21":[0,0],"22":[9,1]},"_coverageSchema":"1a1c01bbd47fc00a2c39e90264f33305004495a9","hash":"2ce25739ad25dd14bd9c1754bfbfd2d7c6e04d1e"}
}
