TN:
SF:server\config.js
FN:51,(anonymous_0)
FN:56,(anonymous_1)
FNF:2
FNH:2
FNDA:43,(anonymous_0)
FNDA:21,(anonymous_1)
DA:11,30
DA:12,30
DA:14,30
DA:15,0
DA:16,0
DA:19,30
DA:51,30
DA:52,43
DA:56,30
DA:57,21
DA:58,20
DA:59,1
DA:62,30
LF:13
LH:11
BRDA:14,0,0,0
BRDA:14,0,1,30
BRDA:22,1,0,30
BRDA:22,1,1,5
BRDA:23,2,0,30
BRDA:23,2,1,7
BRDA:27,3,0,30
BRDA:27,3,1,9
BRDA:31,4,0,30
BRDA:31,4,1,30
BRDA:32,5,0,30
BRDA:32,5,1,9
BRDA:38,6,0,30
BRDA:38,6,1,9
BRDA:39,7,0,30
BRDA:39,7,1,9
BRDA:40,8,0,30
BRDA:40,8,1,9
BRDA:46,9,0,30
BRDA:46,9,1,8
BRDA:52,10,0,43
BRDA:52,10,1,41
BRDA:57,11,0,1
BRDA:57,11,1,20
BRDA:58,12,0,19
BRDA:58,12,1,1
BRF:26
BRH:25
end_of_record
TN:
SF:server\mock.js
FN:7,(anonymous_0)
FN:69,(anonymous_1)
FN:80,(anonymous_2)
FN:105,(anonymous_3)
FN:131,(anonymous_4)
FN:132,(anonymous_5)
FN:141,(anonymous_6)
FN:177,(anonymous_7)
FNF:8
FNH:8
FNDA:4,(anonymous_0)
FNDA:14,(anonymous_1)
FNDA:13,(anonymous_2)
FNDA:5,(anonymous_3)
FNDA:6,(anonymous_4)
FNDA:6,(anonymous_5)
FNDA:55,(anonymous_6)
FNDA:1,(anonymous_7)
DA:9,4
DA:60,4
DA:61,4
DA:71,14
DA:72,1
DA:80,13
DA:82,13
DA:83,13
DA:84,13
DA:85,13
DA:87,13
DA:88,3
DA:89,3
DA:92,13
DA:93,13
DA:95,13
DA:106,5
DA:107,5
DA:109,5
DA:132,6
DA:134,6
DA:137,6
DA:139,6
DA:140,4
DA:141,55
DA:142,4
DA:146,6
DA:147,6
DA:148,2
DA:150,1
DA:161,6
DA:169,6
DA:178,1
DA:179,1
DA:183,1
LF:35
LH:35
BRDA:69,0,0,1
BRDA:71,1,0,1
BRDA:71,1,1,13
BRDA:87,2,0,3
BRDA:87,2,1,10
BRDA:93,3,0,4
BRDA:93,3,1,9
BRDA:131,4,0,6
BRDA:134,5,0,6
BRDA:134,5,1,6
BRDA:139,6,0,4
BRDA:139,6,1,2
BRDA:141,7,0,55
BRDA:141,7,1,55
BRDA:142,8,0,1
BRDA:142,8,1,3
BRDA:148,9,0,1
BRDA:148,9,1,1
BRDA:148,10,0,2
BRDA:148,10,1,1
BRF:20
BRH:20
end_of_record
TN:
SF:server\stt.js
FN:16,(anonymous_0)
FN:43,(anonymous_1)
FN:54,(anonymous_2)
FN:74,(anonymous_3)
FNF:4
FNH:4
FNDA:5,(anonymous_0)
FNDA:5,(anonymous_1)
FNDA:4,(anonymous_2)
FNDA:1,(anonymous_3)
DA:10,5
DA:11,5
DA:12,5
DA:13,5
DA:17,5
DA:18,5
DA:20,5
DA:21,1
DA:22,0
DA:24,1
DA:28,1
DA:29,1
DA:30,1
DA:44,5
DA:45,4
DA:47,1
DA:55,4
DA:56,2
DA:59,2
DA:60,2
DA:61,0
DA:64,2
DA:75,1
DA:76,1
DA:77,1
DA:78,1
DA:80,1
DA:82,1
DA:90,1
DA:92,1
DA:98,0
DA:99,0
DA:100,0
DA:101,0
DA:106,5
LF:35
LH:29
BRDA:20,0,0,1
BRDA:20,0,1,4
BRDA:21,1,0,0
BRDA:21,1,1,1
BRDA:43,2,0,3
BRDA:44,3,0,4
BRDA:44,3,1,1
BRDA:55,4,0,2
BRDA:55,4,1,2
BRDA:55,5,0,4
BRDA:55,5,1,2
BRDA:60,6,0,0
BRDA:60,6,1,2
BRDA:94,7,0,1
BRDA:94,7,1,0
BRDA:95,8,0,1
BRDA:95,8,1,0
BRDA:99,9,0,0
BRDA:99,9,1,0
BRDA:100,10,0,0
BRDA:100,10,1,0
BRF:21
BRH:13
end_of_record
TN:
SF:server\translator.js
FN:11,(anonymous_0)
FN:36,(anonymous_1)
FN:69,(anonymous_2)
FN:131,(anonymous_3)
FN:134,(anonymous_4)
FN:184,(anonymous_5)
FN:188,(anonymous_6)
FN:209,(anonymous_7)
FN:216,(anonymous_8)
FN:220,(anonymous_9)
FNF:10
FNH:10
FNDA:18,(anonymous_0)
FNDA:7,(anonymous_1)
FNDA:9,(anonymous_2)
FNDA:12,(anonymous_3)
FNDA:10,(anonymous_4)
FNDA:18,(anonymous_5)
FNDA:398,(anonymous_6)
FNDA:1,(anonymous_7)
FNDA:1,(anonymous_8)
FNDA:1,(anonymous_9)
DA:7,1
DA:8,1
DA:12,18
DA:13,0
DA:14,0
DA:17,18
DA:22,18
DA:23,18
DA:24,18
DA:25,18
DA:27,18
DA:28,18
DA:29,18
DA:31,18
DA:32,18
DA:33,18
DA:37,7
DA:42,7
DA:43,7
DA:45,7
DA:70,9
DA:71,2
DA:74,7
DA:75,7
DA:77,7
DA:78,7
DA:80,7
DA:84,7
DA:85,7
DA:86,4
DA:87,4
DA:90,7
DA:92,7
DA:99,7
DA:101,7
DA:108,7
DA:110,7
DA:117,0
DA:118,0
DA:119,0
DA:132,12
DA:133,12
DA:134,10
DA:137,12
DA:138,10
DA:139,10
DA:142,10
DA:143,10
DA:144,5
DA:152,5
DA:156,5
DA:157,0
DA:165,0
DA:169,5
DA:170,0
DA:181,12
DA:185,18
DA:186,16
DA:188,398
DA:189,387
DA:191,14
DA:192,384
DA:193,14912
DA:201,14
DA:202,14
DA:210,1
DA:217,1
DA:221,1
DA:222,1
DA:223,1
DA:227,1
LF:71
LH:63
BRDA:12,0,0,0
BRDA:12,0,1,18
BRDA:32,1,0,18
BRDA:32,1,1,0
BRDA:32,2,0,0
BRDA:32,2,1,0
BRDA:42,3,0,7
BRDA:42,3,1,0
BRDA:43,4,0,7
BRDA:43,4,1,0
BRDA:69,5,0,5
BRDA:70,6,0,2
BRDA:70,6,1,7
BRDA:70,7,0,9
BRDA:70,7,1,8
BRDA:74,8,0,7
BRDA:74,8,1,3
BRDA:75,9,0,7
BRDA:75,9,1,7
BRDA:99,10,0,7
BRDA:99,10,1,0
BRDA:118,11,0,0
BRDA:118,11,1,0
BRDA:143,12,0,5
BRDA:143,12,1,5
BRDA:143,13,0,10
BRDA:143,13,1,5
BRDA:156,14,0,0
BRDA:156,14,1,5
BRDA:156,15,0,5
BRDA:156,15,1,0
BRDA:169,16,0,0
BRDA:169,16,1,5
BRDA:169,17,0,5
BRDA:169,17,1,0
BRDA:185,18,0,2
BRDA:185,18,1,16
BRDA:186,19,0,2
BRDA:186,19,1,14
BRDA:186,20,0,16
BRDA:186,20,1,15
BRDA:196,21,0,1222
BRDA:196,21,1,13690
BRF:43
BRH:30
end_of_record
TN:
SF:server\websocket.js
FN:9,(anonymous_0)
FN:21,(anonymous_1)
FN:22,(anonymous_2)
FN:39,(anonymous_3)
FN:48,(anonymous_4)
FN:53,(anonymous_5)
FN:67,(anonymous_6)
FN:122,(anonymous_7)
FN:176,(anonymous_8)
FN:185,(anonymous_9)
FN:213,(anonymous_10)
FNF:11
FNH:5
FNDA:14,(anonymous_0)
FNDA:14,(anonymous_1)
FNDA:0,(anonymous_2)
FNDA:0,(anonymous_3)
FNDA:0,(anonymous_4)
FNDA:0,(anonymous_5)
FNDA:11,(anonymous_6)
FNDA:3,(anonymous_7)
FNDA:0,(anonymous_8)
FNDA:0,(anonymous_9)
FNDA:10,(anonymous_10)
DA:5,14
DA:6,14
DA:10,14
DA:11,14
DA:13,14
DA:14,14
DA:16,14
DA:17,14
DA:18,14
DA:22,14
DA:23,0
DA:24,0
DA:26,0
DA:37,0
DA:39,0
DA:40,0
DA:41,0
DA:43,0
DA:44,0
DA:48,0
DA:49,0
DA:50,0
DA:53,0
DA:54,0
DA:55,0
DA:58,0
DA:69,11
DA:70,11
DA:72,1
DA:73,0
DA:75,1
DA:78,10
DA:80,3
DA:81,3
DA:84,0
DA:85,0
DA:86,0
DA:88,0
DA:92,3
DA:93,3
DA:94,2
DA:96,3
DA:97,2
DA:99,3
DA:106,3
DA:107,3
DA:110,2
DA:111,2
DA:112,2
DA:113,2
DA:114,2
DA:117,1
DA:118,1
DA:123,3
DA:124,3
DA:126,2
DA:127,1
DA:129,1
DA:131,1
DA:137,1
DA:138,1
DA:140,1
DA:144,1
DA:145,1
DA:147,1
DA:157,1
DA:158,0
DA:159,0
DA:160,0
DA:177,0
DA:178,0
DA:179,0
DA:180,0
DA:186,0
DA:187,0
DA:188,0
DA:189,0
DA:190,0
DA:192,0
DA:193,0
DA:194,0
DA:195,0
DA:196,0
DA:197,0
DA:198,0
DA:199,0
DA:200,0
DA:201,0
DA:207,0
DA:209,0
DA:214,10
DA:215,9
DA:220,14
LF:93
LH:48
BRDA:72,0,0,0
BRDA:72,0,1,1
BRDA:78,1,0,3
BRDA:78,1,1,0
BRDA:78,1,2,3
BRDA:78,1,3,2
BRDA:78,1,4,1
BRDA:84,2,0,0
BRDA:84,2,1,0
BRDA:93,3,0,2
BRDA:93,3,1,1
BRDA:96,4,0,2
BRDA:96,4,1,1
BRDA:123,5,0,3
BRDA:123,5,1,0
BRDA:124,6,0,1
BRDA:124,6,1,2
BRDA:126,7,0,1
BRDA:126,7,1,1
BRDA:138,8,0,0
BRDA:138,8,1,1
BRDA:144,9,0,1
BRDA:144,9,1,0
BRDA:153,10,0,1
BRDA:153,10,1,0
BRDA:157,11,0,0
BRDA:157,11,1,1
BRDA:157,12,0,1
BRDA:157,12,1,0
BRDA:178,13,0,0
BRDA:178,13,1,0
BRDA:178,14,0,0
BRDA:178,14,1,0
BRDA:179,15,0,0
BRDA:179,15,1,0
BRDA:186,16,0,0
BRDA:186,16,1,0
BRDA:194,17,0,0
BRDA:194,17,1,0
BRDA:197,18,0,0
BRDA:197,18,1,0
BRDA:198,19,0,0
BRDA:198,19,1,0
BRDA:199,20,0,0
BRDA:199,20,1,0
BRDA:199,21,0,0
BRDA:199,21,1,0
BRDA:214,22,0,9
BRDA:214,22,1,1
BRF:49
BRH:21
end_of_record
